<?xml version="1.0" encoding="UTF-8"?>
<!-- Generated by org.testng.reporters.JUnitReportReporter -->
<testsuite name="testcases.TC_003" tests="1" time="25.759" ignored="0" failures="0" timestamp="01 Jan 2018 14:21:35 GMT" skipped="0" hostname="toshiba" errors="0">
  <testcase name="testcase1" time="25.759" classname="testcases.TC_003"/>
</testsuite> <!-- testcases.TC_003 -->
