<?xml version="1.0" encoding="UTF-8"?>
<!-- Generated by org.testng.reporters.JUnitReportReporter -->
<testsuite name="testcases.TC_001" tests="1" time="40.351" ignored="0" failures="0" timestamp="01 Jan 2018 13:51:23 GMT" skipped="0" hostname="toshiba" errors="0">
  <testcase name="testcase1" time="40.351" classname="testcases.TC_001"/>
</testsuite> <!-- testcases.TC_001 -->
